<?xml version="1.0" encoding="UTF-8"?>
<testsuite name="platform UTest" tests="1" skipped="1" failures="0" errors="0" timestamp="2022-07-14T12:19:56" hostname="SaucoTest" time="0.155">
  <properties/>
  <testcase name="account creation" classname="platform UTest" time="0.155">
    <skipped/>
  </testcase>
  <system-out><![CDATA[]]></system-out>
  <system-err><![CDATA[[Test worker] WARN net.thucydides.core.steps.BaseStepListener - stepStarted: net.thucydides.core.steps.ExecutedStepDescription@70db60a6
[Test worker] INFO net.thucydides.core.steps.ConsoleLoggingListener - TEST PENDING
[Test worker] WARN net.thucydides.core.steps.BaseStepListener - stepStarted: net.thucydides.core.steps.ExecutedStepDescription@28c99346
[Test worker] WARN net.thucydides.core.steps.BaseStepListener - stepStarted: net.thucydides.core.steps.ExecutedStepDescription@5867f9b9
[Test worker] WARN net.thucydides.core.steps.BaseStepListener - testFinished: account creation:Given that Nelson wants to earn money and learn new skills, When look for the option to register on the Utest platform, Then find registration form
[Test worker] WARN net.thucydides.core.steps.BaseStepListener - TestOutcomes: [account creation:Given that Nelson wants to earn money and learn new skills, When look for the option to register on the Utest platform, Then find registration form]
[Test worker] WARN net.thucydides.core.steps.BaseStepListener - Final testOutcomes: [account creation:Given that Nelson wants to earn money and learn new skills, When look for the option to register on the Utest platform, Then find registration form]
[Test worker] INFO net.thucydides.core.steps.ConsoleLoggingListener - 
          __  _____ _____ ____ _____   ____  _____ _   _ ____ ___ _   _  ____ 
 _       / / |_   _| ____/ ___|_   _| |  _ \| ____| \ | |  _ \_ _| \ | |/ ___|
(_)____ / /    | | |  _| \___ \ | |   | |_) |  _| |  \| | | | | ||  \| | |  _ 
 |_____/ /     | | | |___ ___) || |   |  __/| |___| |\  | |_| | || |\  | |_| |
(_)   /_/      |_| |_____|____/ |_|   |_|   |_____|_| \_|____/___|_| \_|\____|
                                                                                

TEST PENDING: account creation
---------------------------------------------------------------------------------
]]></system-err>
</testsuite>
